
  .   ____          _            __ _ _
 /\\ / ___'_ __ _ _(_)_ __  __ _ \ \ \ \
( ( )\___ | '_ | '_| | '_ \/ _` | \ \ \ \
 \\/  ___)| |_)| | | | | || (_| |  ) ) ) )
  '  |____| .__|_| |_|_| |_\__, | / / / /
 =========|_|==============|___/=/_/_/_/

 :: Spring Boot ::                (v3.4.2)

2025-02-15T02:29:20.391+01:00  INFO 28252 --- [helloworld] [           main] c.e.helloworld.HelloworldApplication     : Starting HelloworldApplication v0.0.1-SNAPSHOT using Java 17.0.14 with PID 28252 (/home/jarod/workdir_bis/helloworld-0.0.1-SNAPSHOT.jar started by jarod in /home/jarod/workdir_bis)
2025-02-15T02:29:20.407+01:00  INFO 28252 --- [helloworld] [           main] c.e.helloworld.HelloworldApplication     : No active profile set, falling back to 1 default profile: "default"
2025-02-15T02:29:21.354+01:00  INFO 28252 --- [helloworld] [           main] o.s.b.w.embedded.tomcat.TomcatWebServer  : Tomcat initialized with port 8080 (http)
2025-02-15T02:29:21.375+01:00  INFO 28252 --- [helloworld] [           main] o.apache.catalina.core.StandardService   : Starting service [Tomcat]
2025-02-15T02:29:21.375+01:00  INFO 28252 --- [helloworld] [           main] o.apache.catalina.core.StandardEngine    : Starting Servlet engine: [Apache Tomcat/10.1.34]
2025-02-15T02:29:21.411+01:00  INFO 28252 --- [helloworld] [           main] o.a.c.c.C.[Tomcat].[localhost].[/]       : Initializing Spring embedded WebApplicationContext
2025-02-15T02:29:21.412+01:00  INFO 28252 --- [helloworld] [           main] w.s.c.ServletWebServerApplicationContext : Root WebApplicationContext: initialization completed in 926 ms
2025-02-15T02:29:21.725+01:00  INFO 28252 --- [helloworld] [           main] o.s.b.w.embedded.tomcat.TomcatWebServer  : Tomcat started on port 8080 (http) with context path '/'
2025-02-15T02:29:21.739+01:00  INFO 28252 --- [helloworld] [           main] c.e.helloworld.HelloworldApplication     : Started HelloworldApplication in 1.784 seconds (process running for 2.278)
2025-02-15T02:33:11.169+01:00  INFO 28252 --- [helloworld] [nio-8080-exec-1] o.a.c.c.C.[Tomcat].[localhost].[/]       : Initializing Spring DispatcherServlet 'dispatcherServlet'
2025-02-15T02:33:11.169+01:00  INFO 28252 --- [helloworld] [nio-8080-exec-1] o.s.web.servlet.DispatcherServlet        : Initializing Servlet 'dispatcherServlet'
2025-02-15T02:33:11.172+01:00  INFO 28252 --- [helloworld] [nio-8080-exec-1] o.s.web.servlet.DispatcherServlet        : Completed initialization in 2 ms
2025-02-15T02:48:34.420+01:00  INFO 28252 --- [helloworld] [ionShutdownHook] o.s.b.w.e.tomcat.GracefulShutdown        : Commencing graceful shutdown. Waiting for active requests to complete
2025-02-15T02:48:34.476+01:00  INFO 28252 --- [helloworld] [tomcat-shutdown] o.s.b.w.e.tomcat.GracefulShutdown        : Graceful shutdown complete
